28-Apr-2022 14:14:50.028 INFO [main] org.apache.catalina.startup.VersionLoggerListener.log Server version name:   Apache Tomcat/9.0.62
28-Apr-2022 14:14:50.033 INFO [main] org.apache.catalina.startup.VersionLoggerListener.log Server built:          Mar 31 2022 14:34:15 UTC
28-Apr-2022 14:14:50.034 INFO [main] org.apache.catalina.startup.VersionLoggerListener.log Server version number: 9.0.62.0
28-Apr-2022 14:14:50.034 INFO [main] org.apache.catalina.startup.VersionLoggerListener.log OS Name:               Windows 10
28-Apr-2022 14:14:50.034 INFO [main] org.apache.catalina.startup.VersionLoggerListener.log OS Version:            10.0
28-Apr-2022 14:14:50.034 INFO [main] org.apache.catalina.startup.VersionLoggerListener.log Architecture:          amd64
28-Apr-2022 14:14:50.035 INFO [main] org.apache.catalina.startup.VersionLoggerListener.log Java Home:             C:\Program Files\Java\jdk-17.0.1
28-Apr-2022 14:14:50.035 INFO [main] org.apache.catalina.startup.VersionLoggerListener.log JVM Version:           17.0.1+12-39
28-Apr-2022 14:14:50.035 INFO [main] org.apache.catalina.startup.VersionLoggerListener.log JVM Vendor:            Oracle Corporation
28-Apr-2022 14:14:50.035 INFO [main] org.apache.catalina.startup.VersionLoggerListener.log CATALINA_BASE:         C:\Users\svenv\Documents\VDAB\Java\Spring fundamentals\tomcat\apache-tomcat-9.0.62
28-Apr-2022 14:14:50.035 INFO [main] org.apache.catalina.startup.VersionLoggerListener.log CATALINA_HOME:         C:\Users\svenv\Documents\VDAB\Java\Spring fundamentals\tomcat\apache-tomcat-9.0.62
28-Apr-2022 14:14:50.063 INFO [main] org.apache.catalina.startup.VersionLoggerListener.log Command line argument: --add-opens=java.base/java.lang=ALL-UNNAMED
28-Apr-2022 14:14:50.063 INFO [main] org.apache.catalina.startup.VersionLoggerListener.log Command line argument: --add-opens=java.base/java.io=ALL-UNNAMED
28-Apr-2022 14:14:50.063 INFO [main] org.apache.catalina.startup.VersionLoggerListener.log Command line argument: --add-opens=java.base/java.util=ALL-UNNAMED
28-Apr-2022 14:14:50.063 INFO [main] org.apache.catalina.startup.VersionLoggerListener.log Command line argument: --add-opens=java.base/java.util.concurrent=ALL-UNNAMED
28-Apr-2022 14:14:50.064 INFO [main] org.apache.catalina.startup.VersionLoggerListener.log Command line argument: --add-opens=java.rmi/sun.rmi.transport=ALL-UNNAMED
28-Apr-2022 14:14:50.066 INFO [main] org.apache.catalina.startup.VersionLoggerListener.log Command line argument: -Djava.util.logging.config.file=C:\Users\svenv\Documents\VDAB\Java\Spring fundamentals\tomcat\apache-tomcat-9.0.62\conf\logging.properties
28-Apr-2022 14:14:50.066 INFO [main] org.apache.catalina.startup.VersionLoggerListener.log Command line argument: -Djava.util.logging.manager=org.apache.juli.ClassLoaderLogManager
28-Apr-2022 14:14:50.067 INFO [main] org.apache.catalina.startup.VersionLoggerListener.log Command line argument: -Djdk.tls.ephemeralDHKeySize=2048
28-Apr-2022 14:14:50.067 INFO [main] org.apache.catalina.startup.VersionLoggerListener.log Command line argument: -Djava.protocol.handler.pkgs=org.apache.catalina.webresources
28-Apr-2022 14:14:50.067 INFO [main] org.apache.catalina.startup.VersionLoggerListener.log Command line argument: -Dignore.endorsed.dirs=
28-Apr-2022 14:14:50.068 INFO [main] org.apache.catalina.startup.VersionLoggerListener.log Command line argument: -Dcatalina.base=C:\Users\svenv\Documents\VDAB\Java\Spring fundamentals\tomcat\apache-tomcat-9.0.62
28-Apr-2022 14:14:50.068 INFO [main] org.apache.catalina.startup.VersionLoggerListener.log Command line argument: -Dcatalina.home=C:\Users\svenv\Documents\VDAB\Java\Spring fundamentals\tomcat\apache-tomcat-9.0.62
28-Apr-2022 14:14:50.068 INFO [main] org.apache.catalina.startup.VersionLoggerListener.log Command line argument: -Djava.io.tmpdir=C:\Users\svenv\Documents\VDAB\Java\Spring fundamentals\tomcat\apache-tomcat-9.0.62\temp
28-Apr-2022 14:14:50.074 INFO [main] org.apache.catalina.core.AprLifecycleListener.lifecycleEvent The Apache Tomcat Native library which allows using OpenSSL was not found on the java.library.path: [C:\Program Files\Java\jdk-17.0.1\bin;C:\WINDOWS\Sun\Java\bin;C:\WINDOWS\system32;C:\WINDOWS;C:\Program Files (x86)\Intel\iCLS Client\;C:\Program Files\Intel\iCLS Client\;C:\windows\system32;C:\windows;C:\windows\System32\Wbem;C:\windows\System32\WindowsPowerShell\v1.0\;C:\Program Files (x86)\Intel\Intel(R) Management Engine Components\DAL;C:\Program Files\Intel\Intel(R) Management Engine Components\DAL;C:\Program Files (x86)\Intel\Intel(R) Management Engine Components\IPT;C:\Program Files\Intel\Intel(R) Management Engine Components\IPT;C:\Program Files (x86)\NVIDIA Corporation\PhysX\Common;C:\WINDOWS\system32;C:\WINDOWS;C:\WINDOWS\System32\Wbem;C:\WINDOWS\System32\WindowsPowerShell\v1.0\;C:\WINDOWS\System32\OpenSSH\;C:\Program Files\Microsoft SQL Server\150\Tools\Binn\;C:\Program Files\Microsoft SQL Server\Client SDK\ODBC\170\Tools\Binn\;C:\Program Files\Git\cmd;C:\Program Files\dotnet\;C:\Users\svenv\AppData\Local\Microsoft\WindowsApps;C:\Users\svenv\.dotnet\tools;C:\Users\svenv\AppData\Local\Programs\Microsoft VS Code\bin;.]
28-Apr-2022 14:14:50.374 INFO [main] org.apache.coyote.AbstractProtocol.init Initializing ProtocolHandler ["http-nio-8080"]
28-Apr-2022 14:14:50.412 INFO [main] org.apache.catalina.startup.Catalina.load Server initialization in [635] milliseconds
28-Apr-2022 14:14:50.475 INFO [main] org.apache.catalina.core.StandardService.startInternal Starting service [Catalina]
28-Apr-2022 14:14:50.475 INFO [main] org.apache.catalina.core.StandardEngine.startInternal Starting Servlet engine: [Apache Tomcat/9.0.62]
28-Apr-2022 14:14:50.490 INFO [main] org.apache.catalina.startup.HostConfig.deployDirectory Deploying web application directory [C:\Users\svenv\Documents\VDAB\Java\Spring fundamentals\tomcat\apache-tomcat-9.0.62\webapps\docs]
28-Apr-2022 14:14:50.917 INFO [main] org.apache.catalina.startup.HostConfig.deployDirectory Deployment of web application directory [C:\Users\svenv\Documents\VDAB\Java\Spring fundamentals\tomcat\apache-tomcat-9.0.62\webapps\docs] has finished in [426] ms
28-Apr-2022 14:14:50.918 INFO [main] org.apache.catalina.startup.HostConfig.deployDirectory Deploying web application directory [C:\Users\svenv\Documents\VDAB\Java\Spring fundamentals\tomcat\apache-tomcat-9.0.62\webapps\examples]
28-Apr-2022 14:14:51.671 INFO [main] org.apache.catalina.startup.HostConfig.deployDirectory Deployment of web application directory [C:\Users\svenv\Documents\VDAB\Java\Spring fundamentals\tomcat\apache-tomcat-9.0.62\webapps\examples] has finished in [754] ms
28-Apr-2022 14:14:51.671 INFO [main] org.apache.catalina.startup.HostConfig.deployDirectory Deploying web application directory [C:\Users\svenv\Documents\VDAB\Java\Spring fundamentals\tomcat\apache-tomcat-9.0.62\webapps\host-manager]
28-Apr-2022 14:14:51.743 INFO [main] org.apache.catalina.startup.HostConfig.deployDirectory Deployment of web application directory [C:\Users\svenv\Documents\VDAB\Java\Spring fundamentals\tomcat\apache-tomcat-9.0.62\webapps\host-manager] has finished in [71] ms
28-Apr-2022 14:14:51.744 INFO [main] org.apache.catalina.startup.HostConfig.deployDirectory Deploying web application directory [C:\Users\svenv\Documents\VDAB\Java\Spring fundamentals\tomcat\apache-tomcat-9.0.62\webapps\manager]
28-Apr-2022 14:14:51.819 INFO [main] org.apache.catalina.startup.HostConfig.deployDirectory Deployment of web application directory [C:\Users\svenv\Documents\VDAB\Java\Spring fundamentals\tomcat\apache-tomcat-9.0.62\webapps\manager] has finished in [76] ms
28-Apr-2022 14:14:51.820 INFO [main] org.apache.catalina.startup.HostConfig.deployDirectory Deploying web application directory [C:\Users\svenv\Documents\VDAB\Java\Spring fundamentals\tomcat\apache-tomcat-9.0.62\webapps\ROOT]
28-Apr-2022 14:14:51.860 INFO [main] org.apache.catalina.startup.HostConfig.deployDirectory Deployment of web application directory [C:\Users\svenv\Documents\VDAB\Java\Spring fundamentals\tomcat\apache-tomcat-9.0.62\webapps\ROOT] has finished in [40] ms
28-Apr-2022 14:14:51.863 INFO [main] org.apache.coyote.AbstractProtocol.start Starting ProtocolHandler ["http-nio-8080"]
28-Apr-2022 14:14:51.941 INFO [main] org.apache.catalina.startup.Catalina.start Server startup in [1528] milliseconds
28-Apr-2022 14:15:43.307 INFO [main] org.apache.catalina.core.StandardServer.await A valid shutdown command was received via the shutdown port. Stopping the Server instance.
28-Apr-2022 14:15:43.307 INFO [main] org.apache.coyote.AbstractProtocol.pause Pausing ProtocolHandler ["http-nio-8080"]
28-Apr-2022 14:15:45.336 INFO [main] org.apache.catalina.core.StandardService.stopInternal Stopping service [Catalina]
28-Apr-2022 14:15:45.361 INFO [main] org.apache.coyote.AbstractProtocol.stop Stopping ProtocolHandler ["http-nio-8080"]
28-Apr-2022 14:15:50.889 SEVERE [main] org.apache.catalina.startup.Catalina.stopServer Could not contact [localhost:8005] (base port [8005] and offset [0]). Tomcat may not be running.
28-Apr-2022 14:16:03.904 INFO [main] org.apache.catalina.startup.VersionLoggerListener.log Server version name:   Apache Tomcat/9.0.62
28-Apr-2022 14:16:03.909 INFO [main] org.apache.catalina.startup.VersionLoggerListener.log Server built:          Mar 31 2022 14:34:15 UTC
28-Apr-2022 14:16:03.909 INFO [main] org.apache.catalina.startup.VersionLoggerListener.log Server version number: 9.0.62.0
28-Apr-2022 14:16:03.909 INFO [main] org.apache.catalina.startup.VersionLoggerListener.log OS Name:               Windows 10
28-Apr-2022 14:16:03.910 INFO [main] org.apache.catalina.startup.VersionLoggerListener.log OS Version:            10.0
28-Apr-2022 14:16:03.910 INFO [main] org.apache.catalina.startup.VersionLoggerListener.log Architecture:          amd64
28-Apr-2022 14:16:03.910 INFO [main] org.apache.catalina.startup.VersionLoggerListener.log Java Home:             C:\Program Files\Java\jdk-17.0.1
28-Apr-2022 14:16:03.911 INFO [main] org.apache.catalina.startup.VersionLoggerListener.log JVM Version:           17.0.1+12-39
28-Apr-2022 14:16:03.912 INFO [main] org.apache.catalina.startup.VersionLoggerListener.log JVM Vendor:            Oracle Corporation
28-Apr-2022 14:16:03.912 INFO [main] org.apache.catalina.startup.VersionLoggerListener.log CATALINA_BASE:         C:\Users\svenv\Documents\VDAB\Java\Spring fundamentals\tomcat\apache-tomcat-9.0.62
28-Apr-2022 14:16:03.913 INFO [main] org.apache.catalina.startup.VersionLoggerListener.log CATALINA_HOME:         C:\Users\svenv\Documents\VDAB\Java\Spring fundamentals\tomcat\apache-tomcat-9.0.62
28-Apr-2022 14:16:03.928 INFO [main] org.apache.catalina.startup.VersionLoggerListener.log Command line argument: --add-opens=java.base/java.lang=ALL-UNNAMED
28-Apr-2022 14:16:03.928 INFO [main] org.apache.catalina.startup.VersionLoggerListener.log Command line argument: --add-opens=java.base/java.io=ALL-UNNAMED
28-Apr-2022 14:16:03.928 INFO [main] org.apache.catalina.startup.VersionLoggerListener.log Command line argument: --add-opens=java.base/java.util=ALL-UNNAMED
28-Apr-2022 14:16:03.928 INFO [main] org.apache.catalina.startup.VersionLoggerListener.log Command line argument: --add-opens=java.base/java.util.concurrent=ALL-UNNAMED
28-Apr-2022 14:16:03.929 INFO [main] org.apache.catalina.startup.VersionLoggerListener.log Command line argument: --add-opens=java.rmi/sun.rmi.transport=ALL-UNNAMED
28-Apr-2022 14:16:03.930 INFO [main] org.apache.catalina.startup.VersionLoggerListener.log Command line argument: -Djava.util.logging.config.file=C:\Users\svenv\Documents\VDAB\Java\Spring fundamentals\tomcat\apache-tomcat-9.0.62\conf\logging.properties
28-Apr-2022 14:16:03.931 INFO [main] org.apache.catalina.startup.VersionLoggerListener.log Command line argument: -Djava.util.logging.manager=org.apache.juli.ClassLoaderLogManager
28-Apr-2022 14:16:03.932 INFO [main] org.apache.catalina.startup.VersionLoggerListener.log Command line argument: -Djdk.tls.ephemeralDHKeySize=2048
28-Apr-2022 14:16:03.932 INFO [main] org.apache.catalina.startup.VersionLoggerListener.log Command line argument: -Djava.protocol.handler.pkgs=org.apache.catalina.webresources
28-Apr-2022 14:16:03.933 INFO [main] org.apache.catalina.startup.VersionLoggerListener.log Command line argument: -Dignore.endorsed.dirs=
28-Apr-2022 14:16:03.934 INFO [main] org.apache.catalina.startup.VersionLoggerListener.log Command line argument: -Dcatalina.base=C:\Users\svenv\Documents\VDAB\Java\Spring fundamentals\tomcat\apache-tomcat-9.0.62
28-Apr-2022 14:16:03.934 INFO [main] org.apache.catalina.startup.VersionLoggerListener.log Command line argument: -Dcatalina.home=C:\Users\svenv\Documents\VDAB\Java\Spring fundamentals\tomcat\apache-tomcat-9.0.62
28-Apr-2022 14:16:03.935 INFO [main] org.apache.catalina.startup.VersionLoggerListener.log Command line argument: -Djava.io.tmpdir=C:\Users\svenv\Documents\VDAB\Java\Spring fundamentals\tomcat\apache-tomcat-9.0.62\temp
28-Apr-2022 14:16:03.944 INFO [main] org.apache.catalina.core.AprLifecycleListener.lifecycleEvent The Apache Tomcat Native library which allows using OpenSSL was not found on the java.library.path: [C:\Program Files\Java\jdk-17.0.1\bin;C:\WINDOWS\Sun\Java\bin;C:\WINDOWS\system32;C:\WINDOWS;C:\Program Files (x86)\Intel\iCLS Client\;C:\Program Files\Intel\iCLS Client\;C:\windows\system32;C:\windows;C:\windows\System32\Wbem;C:\windows\System32\WindowsPowerShell\v1.0\;C:\Program Files (x86)\Intel\Intel(R) Management Engine Components\DAL;C:\Program Files\Intel\Intel(R) Management Engine Components\DAL;C:\Program Files (x86)\Intel\Intel(R) Management Engine Components\IPT;C:\Program Files\Intel\Intel(R) Management Engine Components\IPT;C:\Program Files (x86)\NVIDIA Corporation\PhysX\Common;C:\WINDOWS\system32;C:\WINDOWS;C:\WINDOWS\System32\Wbem;C:\WINDOWS\System32\WindowsPowerShell\v1.0\;C:\WINDOWS\System32\OpenSSH\;C:\Program Files\Microsoft SQL Server\150\Tools\Binn\;C:\Program Files\Microsoft SQL Server\Client SDK\ODBC\170\Tools\Binn\;C:\Program Files\Git\cmd;C:\Program Files\dotnet\;C:\Users\svenv\AppData\Local\Microsoft\WindowsApps;C:\Users\svenv\.dotnet\tools;C:\Users\svenv\AppData\Local\Programs\Microsoft VS Code\bin;.]
28-Apr-2022 14:16:04.218 INFO [main] org.apache.coyote.AbstractProtocol.init Initializing ProtocolHandler ["http-nio-8080"]
28-Apr-2022 14:16:04.240 INFO [main] org.apache.catalina.startup.Catalina.load Server initialization in [583] milliseconds
28-Apr-2022 14:16:04.284 INFO [main] org.apache.catalina.core.StandardService.startInternal Starting service [Catalina]
28-Apr-2022 14:16:04.284 INFO [main] org.apache.catalina.core.StandardEngine.startInternal Starting Servlet engine: [Apache Tomcat/9.0.62]
28-Apr-2022 14:16:04.293 INFO [main] org.apache.catalina.startup.HostConfig.deployDirectory Deploying web application directory [C:\Users\svenv\Documents\VDAB\Java\Spring fundamentals\tomcat\apache-tomcat-9.0.62\webapps\docs]
28-Apr-2022 14:16:04.631 INFO [main] org.apache.catalina.startup.HostConfig.deployDirectory Deployment of web application directory [C:\Users\svenv\Documents\VDAB\Java\Spring fundamentals\tomcat\apache-tomcat-9.0.62\webapps\docs] has finished in [338] ms
28-Apr-2022 14:16:04.632 INFO [main] org.apache.catalina.startup.HostConfig.deployDirectory Deploying web application directory [C:\Users\svenv\Documents\VDAB\Java\Spring fundamentals\tomcat\apache-tomcat-9.0.62\webapps\examples]
28-Apr-2022 14:16:05.287 INFO [main] org.apache.catalina.startup.HostConfig.deployDirectory Deployment of web application directory [C:\Users\svenv\Documents\VDAB\Java\Spring fundamentals\tomcat\apache-tomcat-9.0.62\webapps\examples] has finished in [655] ms
28-Apr-2022 14:16:05.287 INFO [main] org.apache.catalina.startup.HostConfig.deployDirectory Deploying web application directory [C:\Users\svenv\Documents\VDAB\Java\Spring fundamentals\tomcat\apache-tomcat-9.0.62\webapps\host-manager]
28-Apr-2022 14:16:05.349 INFO [main] org.apache.catalina.startup.HostConfig.deployDirectory Deployment of web application directory [C:\Users\svenv\Documents\VDAB\Java\Spring fundamentals\tomcat\apache-tomcat-9.0.62\webapps\host-manager] has finished in [62] ms
28-Apr-2022 14:16:05.349 INFO [main] org.apache.catalina.startup.HostConfig.deployDirectory Deploying web application directory [C:\Users\svenv\Documents\VDAB\Java\Spring fundamentals\tomcat\apache-tomcat-9.0.62\webapps\manager]
28-Apr-2022 14:16:05.419 INFO [main] org.apache.catalina.startup.HostConfig.deployDirectory Deployment of web application directory [C:\Users\svenv\Documents\VDAB\Java\Spring fundamentals\tomcat\apache-tomcat-9.0.62\webapps\manager] has finished in [70] ms
28-Apr-2022 14:16:05.420 INFO [main] org.apache.catalina.startup.HostConfig.deployDirectory Deploying web application directory [C:\Users\svenv\Documents\VDAB\Java\Spring fundamentals\tomcat\apache-tomcat-9.0.62\webapps\ROOT]
28-Apr-2022 14:16:05.459 INFO [main] org.apache.catalina.startup.HostConfig.deployDirectory Deployment of web application directory [C:\Users\svenv\Documents\VDAB\Java\Spring fundamentals\tomcat\apache-tomcat-9.0.62\webapps\ROOT] has finished in [40] ms
28-Apr-2022 14:16:05.462 INFO [main] org.apache.coyote.AbstractProtocol.start Starting ProtocolHandler ["http-nio-8080"]
28-Apr-2022 14:16:05.540 INFO [main] org.apache.catalina.startup.Catalina.start Server startup in [1298] milliseconds
28-Apr-2022 14:23:27.421 INFO [http-nio-8080-exec-1] org.apache.catalina.startup.HostConfig.deployWAR Deploying web application archive [C:\Users\svenv\Documents\VDAB\Java\Spring fundamentals\tomcat\apache-tomcat-9.0.62\webapps\seizoenen.war]
28-Apr-2022 14:23:27.595 INFO [http-nio-8080-exec-1] org.apache.catalina.startup.HostConfig.deployWAR Deployment of web application archive [C:\Users\svenv\Documents\VDAB\Java\Spring fundamentals\tomcat\apache-tomcat-9.0.62\webapps\seizoenen.war] has finished in [174] ms
28-Apr-2022 14:23:43.924 INFO [http-nio-8080-exec-4] org.apache.catalina.startup.HostConfig.deployWAR Deploying web application archive [C:\Users\svenv\Documents\VDAB\Java\Spring fundamentals\tomcat\apache-tomcat-9.0.62\webapps\sterrenbeelden.war]
28-Apr-2022 14:23:44.317 INFO [http-nio-8080-exec-4] org.apache.catalina.startup.HostConfig.deployWAR Deployment of web application archive [C:\Users\svenv\Documents\VDAB\Java\Spring fundamentals\tomcat\apache-tomcat-9.0.62\webapps\sterrenbeelden.war] has finished in [393] ms
28-Apr-2022 14:24:32.966 INFO [http-nio-8080-exec-6] org.apache.catalina.util.LifecycleBase.stop The stop() method was called on component [StandardEngine[Catalina].StandardHost[localhost].StandardContext[/sterrenbeelden]] after stop() had already been called. The second call will be ignored.
28-Apr-2022 14:24:33.501 INFO [http-nio-8080-exec-6] org.apache.catalina.startup.HostConfig.undeploy Undeploying context [/sterrenbeelden]
28-Apr-2022 14:24:39.656 INFO [http-nio-8080-exec-8] org.apache.catalina.startup.HostConfig.undeploy Undeploying context [/seizoenen]
28-Apr-2022 14:25:36.622 INFO [Catalina-utility-1] org.apache.catalina.startup.HostConfig.deployWAR Deploying web application archive [C:\Users\svenv\Documents\VDAB\Java\Spring fundamentals\tomcat\apache-tomcat-9.0.62\webapps\sterrenbeelden.war]
28-Apr-2022 14:25:36.970 INFO [Catalina-utility-1] org.apache.catalina.startup.HostConfig.deployWAR Deployment of web application archive [C:\Users\svenv\Documents\VDAB\Java\Spring fundamentals\tomcat\apache-tomcat-9.0.62\webapps\sterrenbeelden.war] has finished in [348] ms
28-Apr-2022 14:26:07.515 INFO [Catalina-utility-2] org.apache.catalina.startup.HostConfig.undeploy Undeploying context [/sterrenbeelden]
28-Apr-2022 14:35:09.606 INFO [http-nio-8080-exec-18] org.apache.catalina.startup.HostConfig.deployWAR Deploying web application archive [C:\Users\svenv\Documents\VDAB\Java\Spring fundamentals\tomcat\apache-tomcat-9.0.62\webapps\seizoenen.war]
28-Apr-2022 14:35:09.750 INFO [http-nio-8080-exec-18] org.apache.catalina.startup.HostConfig.deployWAR Deployment of web application archive [C:\Users\svenv\Documents\VDAB\Java\Spring fundamentals\tomcat\apache-tomcat-9.0.62\webapps\seizoenen.war] has finished in [144] ms
28-Apr-2022 14:40:45.703 INFO [http-nio-8080-exec-24] org.apache.catalina.startup.HostConfig.deployWAR Deploying web application archive [C:\Users\svenv\Documents\VDAB\Java\Spring fundamentals\tomcat\apache-tomcat-9.0.62\webapps\sterrenbeelden.war]
28-Apr-2022 14:40:46.051 INFO [http-nio-8080-exec-24] org.apache.catalina.startup.HostConfig.deployWAR Deployment of web application archive [C:\Users\svenv\Documents\VDAB\Java\Spring fundamentals\tomcat\apache-tomcat-9.0.62\webapps\sterrenbeelden.war] has finished in [348] ms
